<?xml version="1.0" encoding="UTF-8"?>
<robot generator="Robot 7.1 (Python 3.12.0 on win32)" generated="2024-10-12T13:15:03.649785" rpa="false" schemaversion="5">
<suite id="s1" name="Signup" source="D:\CURSOS\QAx\projects\walkdog-robot\tests\signup.robot">
<test id="s1-t1" name="Deve poder cadastrar um novo dog walker" line="7">
<kw name="Create Dictionary" owner="BuiltIn">
<msg time="2024-10-12T13:15:03.776214" level="INFO">${dog_walker} = {'name': 'Felipe Barra', 'email': 'felipe@sccp.com', 'cpf': '00000014141', 'cep': '06382270', 'street': 'Rua da Felicidade', 'district': 'Vila Silviânia', 'city_uf': 'Carapicuíba/SP', 'number': '777',...</msg>
<var>${dog_walker}</var>
<arg>name=Felipe Barra</arg>
<arg>email=felipe@sccp.com</arg>
<arg>cpf=00000014141</arg>
<arg>cep=06382270</arg>
<arg>street=Rua da Felicidade</arg>
<arg>district=Vila Silviânia</arg>
<arg>city_uf=Carapicuíba/SP</arg>
<arg>number=777</arg>
<arg>details=Casa 2</arg>
<arg>cnh=toretto.jpg</arg>
<doc>Creates and returns a dictionary based on the given ``items``.</doc>
<status status="PASS" start="2024-10-12T13:15:03.775714" elapsed="0.000500"/>
</kw>
<kw name="Go to signup page" owner="signup">
<kw name="New Browser" owner="Browser">
<msg time="2024-10-12T13:15:03.777171" level="INFO">{"browser": "chromium", "headless": false, "chromiumSandbox": false, "devtools": false, "handleSIGHUP": true, "handleSIGINT": true, "handleSIGTERM": true, "slowMo": 0.0, "timeout": 30000.0, "tracesDir": "D:\\CURSOS\\QAx\\projects\\walkdog-robot\\tests\\logs\\browser\\traces\\bc42edab-a7cf-42b1-be75-9ac3f0669a6c"}</msg>
<msg time="2024-10-12T13:15:03.790708" level="INFO">Starting Browser process C:\Python312\Lib\site-packages\Browser\wrapper\index.js using port 53941</msg>
<msg time="2024-10-12T13:15:03.790708" level="INFO">Node startup parameters: ['node', 'C:\\Python312\\Lib\\site-packages\\Browser\\wrapper\\index.js', '53941']</msg>
<msg time="2024-10-12T13:15:04.635533" level="INFO">Successfully created browser with options: {"browser":"chromium","headless":false,"chromiumSandbox":false,"devtools":false,"handleSIGHUP":true,"handleSIGINT":true,"handleSIGTERM":true,"slowMo":0,"timeout":30000,"tracesDir":"D:\\CURSOS\\QAx\\projects\\walkdog-robot\\tests\\logs\\browser\\traces\\bc42edab-a7cf-42b1-be75-9ac3f0669a6c"}</msg>
<arg>browser=chromium</arg>
<arg>headless=False</arg>
<tag>BrowserControl</tag>
<tag>Setter</tag>
<doc>Create a new playwright Browser with specified options.</doc>
<status status="PASS" start="2024-10-12T13:15:03.776214" elapsed="0.859319"/>
</kw>
<kw name="New Page" owner="Browser">
<msg time="2024-10-12T13:15:05.229499" level="INFO">Successfully initialized new page object and opened url: https://walkdog.vercel.app/signup</msg>
<msg time="2024-10-12T13:15:05.229499" level="INFO">No context was open. New context was automatically opened when this page is created.</msg>
<arg>https://walkdog.vercel.app/signup</arg>
<tag>BrowserControl</tag>
<tag>Setter</tag>
<doc>Open a new Page.</doc>
<status status="PASS" start="2024-10-12T13:15:04.636049" elapsed="0.593450"/>
</kw>
<kw name="Wait For Elements State" owner="Browser">
<msg time="2024-10-12T13:15:05.253157" level="INFO">Waited for Element with selector form h1 at state visible</msg>
<arg>form h1</arg>
<arg>visible</arg>
<arg>5000</arg>
<tag>PageContent</tag>
<tag>Wait</tag>
<doc>Waits for the element found by ``selector`` to satisfy state option.</doc>
<status status="PASS" start="2024-10-12T13:15:05.229999" elapsed="0.023158"/>
</kw>
<kw name="Get Text" owner="Browser">
<msg time="2024-10-12T13:15:05.273775" level="INFO">Text: 'Faça seu cadastro'</msg>
<arg>form h1</arg>
<arg>equal</arg>
<arg>Faça seu cadastro</arg>
<tag>Assertion</tag>
<tag>Getter</tag>
<tag>PageContent</tag>
<doc>Returns text attribute of the element found by ``selector``.</doc>
<status status="PASS" start="2024-10-12T13:15:05.253157" elapsed="0.020618"/>
</kw>
<status status="PASS" start="2024-10-12T13:15:03.776214" elapsed="1.497561"/>
</kw>
<kw name="Fill signup form" owner="signup">
<kw name="Fill Text" owner="Browser">
<msg time="2024-10-12T13:15:05.274275" level="INFO">Fills the text 'Felipe Barra' in the given field.</msg>
<arg>css=input[name=name]</arg>
<arg>${dog_walker}[name]</arg>
<tag>PageContent</tag>
<tag>Setter</tag>
<doc>Clears and fills the given ``txt`` into the text field found by ``selector``.</doc>
<status status="PASS" start="2024-10-12T13:15:05.274275" elapsed="0.012035"/>
</kw>
<kw name="Fill Text" owner="Browser">
<msg time="2024-10-12T13:15:05.287243" level="INFO">Fills the text 'felipe@sccp.com' in the given field.</msg>
<arg>css=input[name=email]</arg>
<arg>${dog_walker}[email]</arg>
<tag>PageContent</tag>
<tag>Setter</tag>
<doc>Clears and fills the given ``txt`` into the text field found by ``selector``.</doc>
<status status="PASS" start="2024-10-12T13:15:05.286310" elapsed="0.010776"/>
</kw>
<kw name="Fill Text" owner="Browser">
<msg time="2024-10-12T13:15:05.298088" level="INFO">Fills the text '00000014141' in the given field.</msg>
<arg>css=input[name=cpf]</arg>
<arg>${dog_walker}[cpf]</arg>
<tag>PageContent</tag>
<tag>Setter</tag>
<doc>Clears and fills the given ``txt`` into the text field found by ``selector``.</doc>
<status status="PASS" start="2024-10-12T13:15:05.297587" elapsed="0.011781"/>
</kw>
<kw name="Fill Text" owner="Browser">
<msg time="2024-10-12T13:15:05.310369" level="INFO">Fills the text '06382270' in the given field.</msg>
<arg>css=input[name=cep]</arg>
<arg>${dog_walker}[cep]</arg>
<tag>PageContent</tag>
<tag>Setter</tag>
<doc>Clears and fills the given ``txt`` into the text field found by ``selector``.</doc>
<status status="PASS" start="2024-10-12T13:15:05.309868" elapsed="0.012820"/>
</kw>
<kw name="Click" owner="Browser">
<msg time="2024-10-12T13:15:05.323188" level="INFO">Clicks the element 'css=input[type=button][value$=CEP]'.</msg>
<arg>css=input[type=button][value$=CEP]</arg>
<tag>PageContent</tag>
<tag>Setter</tag>
<doc>Simulates mouse click on the element found by ``selector``.</doc>
<status status="PASS" start="2024-10-12T13:15:05.323188" elapsed="0.026779"/>
</kw>
<kw name="Get Property" owner="Browser">
<msg time="2024-10-12T13:15:05.812081" level="INFO">Property: 'Rua da Felicidade'</msg>
<arg>input[name=addressStreet]</arg>
<arg>value</arg>
<arg>equal</arg>
<arg>${dog_walker}[street]</arg>
<tag>Assertion</tag>
<tag>Getter</tag>
<tag>PageContent</tag>
<doc>Returns the ``property`` of the element found by ``selector``.</doc>
<status status="PASS" start="2024-10-12T13:15:05.350468" elapsed="0.461613"/>
</kw>
<kw name="Get Property" owner="Browser">
<msg time="2024-10-12T13:15:05.819701" level="INFO">Property: 'Vila Silviânia'</msg>
<arg>input[name=addressDistrict]</arg>
<arg>value</arg>
<arg>equal</arg>
<arg>${dog_walker}[district]</arg>
<tag>Assertion</tag>
<tag>Getter</tag>
<tag>PageContent</tag>
<doc>Returns the ``property`` of the element found by ``selector``.</doc>
<status status="PASS" start="2024-10-12T13:15:05.813054" elapsed="0.006647"/>
</kw>
<kw name="Get Property" owner="Browser">
<msg time="2024-10-12T13:15:05.826799" level="INFO">Property: 'Carapicuíba/SP'</msg>
<arg>input[name=addressCityUf]</arg>
<arg>value</arg>
<arg>equal</arg>
<arg>${dog_walker}[city_uf]</arg>
<tag>Assertion</tag>
<tag>Getter</tag>
<tag>PageContent</tag>
<doc>Returns the ``property`` of the element found by ``selector``.</doc>
<status status="PASS" start="2024-10-12T13:15:05.819701" elapsed="0.007098"/>
</kw>
<kw name="Fill Text" owner="Browser">
<msg time="2024-10-12T13:15:05.827802" level="INFO">Fills the text '777' in the given field.</msg>
<arg>css=input[name=addressNumber]</arg>
<arg>${dog_walker}[number]</arg>
<tag>PageContent</tag>
<tag>Setter</tag>
<doc>Clears and fills the given ``txt`` into the text field found by ``selector``.</doc>
<status status="PASS" start="2024-10-12T13:15:05.826799" elapsed="0.009705"/>
</kw>
<kw name="Fill Text" owner="Browser">
<msg time="2024-10-12T13:15:05.838010" level="INFO">Fills the text 'Casa 2' in the given field.</msg>
<arg>css=input[name=addressDetails]</arg>
<arg>${dog_walker}[details]</arg>
<tag>PageContent</tag>
<tag>Setter</tag>
<doc>Clears and fills the given ``txt`` into the text field found by ``selector``.</doc>
<status status="PASS" start="2024-10-12T13:15:05.837562" elapsed="0.009936"/>
</kw>
<kw name="Upload File By Selector" owner="Browser">
<msg time="2024-10-12T13:15:05.848542" level="FAIL">ValueError: Nonexistent input file path 'D:\CURSOS\QAx\projects\walkdog-robot\tests\resources\fixtures\toretto.jpg'</msg>
<arg>css=input[type=file]</arg>
<arg>${EXECDIR}/resources/fixtures/${dog_walker}[cnh]</arg>
<tag>PageContent</tag>
<tag>Setter</tag>
<doc>Uploads file from `path` to file input element matched by selector.</doc>
<status status="FAIL" start="2024-10-12T13:15:05.848000" elapsed="0.002041">ValueError: Nonexistent input file path 'D:\CURSOS\QAx\projects\walkdog-robot\tests\resources\fixtures\toretto.jpg'</status>
</kw>
<kw name="Sleep" owner="BuiltIn">
<arg>20</arg>
<doc>Pauses the test executed for the given time.</doc>
<status status="NOT RUN" start="2024-10-12T13:15:05.850041" elapsed="0.000000"/>
</kw>
<arg>${dog_walker}</arg>
<status status="FAIL" start="2024-10-12T13:15:05.274275" elapsed="0.575766">ValueError: Nonexistent input file path 'D:\CURSOS\QAx\projects\walkdog-robot\tests\resources\fixtures\toretto.jpg'</status>
</kw>
<kw name="Submit signup form" owner="signup">
<status status="NOT RUN" start="2024-10-12T13:15:05.850543" elapsed="0.000000"/>
</kw>
<kw name="Pop-up should be" owner="signup">
<arg>Recebemos o seu cadastro e em breve retornaremos o contato.</arg>
<status status="NOT RUN" start="2024-10-12T13:15:05.850543" elapsed="0.000000"/>
</kw>
<status status="FAIL" start="2024-10-12T13:15:03.775199" elapsed="2.075344">ValueError: Nonexistent input file path 'D:\CURSOS\QAx\projects\walkdog-robot\tests\resources\fixtures\toretto.jpg'</status>
</test>
<doc>Suíte de testes de cadastro de dog walker</doc>
<status status="FAIL" start="2024-10-12T13:15:03.650785" elapsed="2.253260"/>
</suite>
<statistics>
<total>
<stat pass="0" fail="1" skip="0">All Tests</stat>
</total>
<tag>
</tag>
<suite>
<stat pass="0" fail="1" skip="0" id="s1" name="Signup">Signup</stat>
</suite>
</statistics>
<errors>
</errors>
</robot>
